<?xml version="1.0" encoding="UTF-8"?>
<!-- Generated by org.testng.reporters.JUnitXMLReporter -->
<testsuite ignored="0" hostname="DESKTOP-HGCOF9F" failures="0" tests="13" name="Default test" time="0.341" errors="0" timestamp="2023-02-17T21:34:10 IST">
  <testcase classname="FunctionalTest.Product" name="varifyElectronicItems" time="0.092"/>
  <testcase classname="FunctionalTest.Product" name="varifyGrocery" time="0.003"/>
  <testcase classname="FunctionalTest.Product" name="verifyHomeDecore" time="0.003"/>
  <testcase classname="FunctionalTest.Product" name="verifyKitchenApplience" time="0.003"/>
  <testcase classname="FunctionalTest.Payment" name="varifyCreditCardPayment" time="0.004"/>
  <testcase classname="FunctionalTest.Payment" name="varifyDebitCardPayment" time="0.003"/>
  <testcase classname="FunctionalTest.Payment" name="varifyElectronicItemProductPayment" time="0.004"/>
  <testcase classname="FunctionalTest.Payment" name="varifyUPIPayment" time="0.004"/>
  <testcase classname="SanityTest.HomePage" name="varifyItems" time="0.003"/>
  <testcase classname="SanityTest.HomePage" name="varifySearchButton" time="0.003"/>
  <testcase classname="SanityTest.HomePage" name="varifySignInButton" time="0.004"/>
  <testcase classname="SanityTest.Login" name="varifyLoginWithEmail" time="0.002"/>
  <testcase classname="SanityTest.Login" name="varifyLoginWithMobile" time="0.008"/>
</testsuite> <!-- Default test -->
