<?xml version="1.0" encoding="UTF-8"?>
<!-- Generated by org.testng.reporters.JUnitXMLReporter -->
<testsuite ignored="0" hostname="DESKTOP-HGCOF9F" failures="0" tests="3" name="Test" time="0.387" errors="0" timestamp="2023-02-03T20:21:26 IST">
  <testcase classname="Day3.ForgetPassword" name="ForgetPswwithId" time="0.127"/>
  <testcase classname="Day1.Registration" name="RegistrationWithId" time="0.005"/>
  <testcase classname="Day2.Login" name="LoginWithId" time="0.006"/>
</testsuite> <!-- Test -->
